[2021-02-04T22:48:52.392] [DEBUG] cheese - login => username:admin,password:123
[2021-02-04T22:48:52.401] [DEBUG] cheese - admin
[2021-02-04T22:48:52.426] [DEBUG] cheese - null
[2021-02-04T22:48:52.426] [DEBUG] cheese - null
[2021-02-04T22:49:24.172] [DEBUG] cheese - login => username:admin,password:123456
[2021-02-04T22:49:24.172] [DEBUG] cheese - admin
[2021-02-04T22:49:24.175] [DEBUG] cheese - null
[2021-02-04T22:49:24.176] [DEBUG] cheese - null
[2021-02-04T22:53:42.314] [DEBUG] cheese - login => username:admin,password:123456
[2021-02-04T22:53:42.314] [DEBUG] cheese - admin
[2021-02-04T22:53:42.319] [DEBUG] cheese - null
[2021-02-04T22:53:42.319] [DEBUG] cheese - null
[2021-02-04T22:58:52.801] [DEBUG] cheese - null
[2021-04-07T15:41:18.926] [DEBUG] cheese - login => username:admin,password:123456
[2021-04-07T15:41:18.932] [DEBUG] cheese - admin
[2021-04-07T15:41:18.970] [DEBUG] cheese - null
[2021-04-07T15:41:18.971] [DEBUG] cheese - null
[2021-04-07T15:41:32.810] [DEBUG] cheese - login => username:admin,password:123456
[2021-04-07T15:41:32.810] [DEBUG] cheese - admin
[2021-04-07T15:41:32.817] [DEBUG] cheese - null
[2021-04-07T15:41:32.818] [DEBUG] cheese - null
[2021-04-07T16:06:51.470] [DEBUG] cheese - login => username:admin,password:123456
[2021-04-07T16:06:51.482] [DEBUG] cheese - admin
[2021-04-07T16:06:51.579] [DEBUG] cheese - { inspect: [Function: inspect] }
[2021-04-07T16:06:51.587] [DEBUG] cheese - 查询失败
[2021-04-07T16:07:03.786] [DEBUG] cheese - login => username:admin,password:123
[2021-04-07T16:07:03.787] [DEBUG] cheese - admin
[2021-04-07T16:07:03.812] [DEBUG] cheese - { inspect: [Function: inspect] }
[2021-04-07T16:07:03.812] [DEBUG] cheese - 查询失败
[2021-04-07T16:07:33.681] [DEBUG] cheese - login => username:admin,password:admin
[2021-04-07T16:07:33.681] [DEBUG] cheese - admin
[2021-04-07T16:07:33.693] [DEBUG] cheese - { inspect: [Function: inspect] }
[2021-04-07T16:07:33.693] [DEBUG] cheese - 查询失败
[2021-04-07T16:13:57.694] [DEBUG] cheese - login => username:admin,password:123456
[2021-04-07T16:13:57.695] [DEBUG] cheese - admin
[2021-04-07T16:13:57.701] [DEBUG] cheese - { inspect: [Function: inspect] }
[2021-04-07T16:13:57.701] [DEBUG] cheese - 查询失败
[2021-04-07T16:14:26.413] [DEBUG] cheese - login => username:admin,password:123456
[2021-04-07T16:14:26.414] [DEBUG] cheese - admin
[2021-04-07T16:14:26.419] [DEBUG] cheese - { inspect: [Function: inspect] }
[2021-04-07T16:14:26.419] [DEBUG] cheese - 查询失败
[2021-04-07T16:15:34.243] [DEBUG] cheese - login => username:admin,password:123456
[2021-04-07T16:15:34.243] [DEBUG] cheese - admin
[2021-04-07T16:15:34.248] [DEBUG] cheese - { inspect: [Function: inspect] }
[2021-04-07T16:15:34.248] [DEBUG] cheese - 查询失败
[2021-04-07T16:16:12.905] [DEBUG] cheese - login => username:admin1,password:123456
[2021-04-07T16:16:12.906] [DEBUG] cheese - admin1
[2021-04-07T16:16:12.918] [DEBUG] cheese - { inspect: [Function: inspect] }
[2021-04-07T16:16:12.919] [DEBUG] cheese - 查询失败
[2021-04-07T16:20:42.322] [DEBUG] cheese - login => username:admin,password:123456
[2021-04-07T16:20:42.322] [DEBUG] cheese - admin
[2021-04-07T16:20:42.327] [DEBUG] cheese - { inspect: [Function: inspect] }
[2021-04-07T16:20:42.327] [DEBUG] cheese - 查询失败
[2021-04-07T16:25:06.314] [DEBUG] cheese - login => username:admin,password:123456
[2021-04-07T16:25:06.315] [DEBUG] cheese - admin
[2021-04-07T16:25:06.320] [DEBUG] cheese - { inspect: [Function: inspect] }
[2021-04-07T16:25:06.320] [DEBUG] cheese - 查询失败
[2021-04-07T16:26:51.126] [DEBUG] cheese - login => username:admin,password:123456
[2021-04-07T16:26:51.127] [DEBUG] cheese - admin
[2021-04-07T16:26:51.175] [DEBUG] cheese - null
[2021-04-07T16:26:51.175] [DEBUG] cheese - null
